2025-09-08 13:57:29,934 - INFO - Starting IPA build process...
2025-09-08 13:57:30,133 - INFO - Xcode version: Xcode 26.0
Build version 17A5305k
2025-09-08 13:57:30,134 - INFO - Using workspace: /Users/gzahavy/PersonalProjects/open-coder-app/Xcode/OpenCoder.xcworkspace
2025-09-08 13:57:30,134 - INFO - Output directory: /Users/gzahavy/PersonalProjects/open-coder-app/build
2025-09-08 13:57:30,947 - INFO - Available code signing identities:
2025-09-08 13:57:30,947 - INFO -   1) 478E2F1FCDCCF8222D197531359007269B216C05 "Apple Development: goni1993@gmail.com (Q76QDYVDH9)"
  2) 5013E0E8F4D510BE4658A185ACBFAFF007EB6B2A "Apple Development: goni1993@gmail.com (Q76QDYVDH9)"
     2 valid identities found

2025-09-08 13:57:30,947 - INFO - Cleaning project...
2025-09-08 13:57:48,307 - ERROR - Clean failed: Command '['xcodebuild', 'clean', '-workspace', '/Users/gzahavy/PersonalProjects/open-coder-app/Xcode/OpenCoder.xcworkspace', '-scheme', 'OpenCoder', '-configuration', 'Release']' returned non-zero exit status 65.
2025-09-08 13:57:48,307 - ERROR - Build failed: Command '['xcodebuild', 'clean', '-workspace', '/Users/gzahavy/PersonalProjects/open-coder-app/Xcode/OpenCoder.xcworkspace', '-scheme', 'OpenCoder', '-configuration', 'Release']' returned non-zero exit status 65.
2025-09-08 14:18:50,996 - INFO - Starting IPA build process...
2025-09-08 14:18:51,123 - INFO - Xcode version: Xcode 26.0
Build version 17A5305k
2025-09-08 14:18:51,123 - INFO - Using workspace: /Users/gzahavy/PersonalProjects/open-coder-app/Xcode/OpenCoder.xcworkspace
2025-09-08 14:18:51,124 - INFO - Output directory: /Users/gzahavy/PersonalProjects/open-coder-app/build
2025-09-08 14:18:51,177 - INFO - Available code signing identities:
2025-09-08 14:18:51,177 - INFO -   1) 478E2F1FCDCCF8222D197531359007269B216C05 "Apple Development: goni1993@gmail.com (Q76QDYVDH9)"
  2) 5013E0E8F4D510BE4658A185ACBFAFF007EB6B2A "Apple Development: goni1993@gmail.com (Q76QDYVDH9)"
     2 valid identities found

2025-09-08 14:18:51,177 - INFO - Cleaning project...
2025-09-08 14:18:56,145 - INFO - Project cleaned successfully
2025-09-08 14:18:56,145 - INFO - Building archive for scheme: OpenCoder
2025-09-08 14:19:04,455 - ERROR - Archive failed: Command '['xcodebuild', 'archive', '-workspace', '/Users/gzahavy/PersonalProjects/open-coder-app/Xcode/OpenCoder.xcworkspace', '-scheme', 'OpenCoder', '-configuration', 'Release', '-archivePath', '/Users/gzahavy/PersonalProjects/open-coder-app/build/OpenCoder.xcarchive', '-destination', 'generic/platform=iOS', 'CODE_SIGN_STYLE=Automatic', '-allowProvisioningUpdates', '-skipMacroValidation', 'SKIP_MACRO_VALIDATION=YES', 'DEVELOPMENT_TEAM=Q76QDYVDH9', 'PROVISIONING_PROFILE_SPECIFIER=', 'CODE_SIGN_ENTITLEMENTS=OpenCoder/OpenCoder.entitlements']' returned non-zero exit status 65.
2025-09-08 14:19:04,456 - ERROR - Error output: ** ARCHIVE FAILED **


The following build commands failed:
	Archiving workspace OpenCoder with scheme OpenCoder
(1 failure)

2025-09-08 14:19:04,456 - ERROR - Build failed: Command '['xcodebuild', 'archive', '-workspace', '/Users/gzahavy/PersonalProjects/open-coder-app/Xcode/OpenCoder.xcworkspace', '-scheme', 'OpenCoder', '-configuration', 'Release', '-archivePath', '/Users/gzahavy/PersonalProjects/open-coder-app/build/OpenCoder.xcarchive', '-destination', 'generic/platform=iOS', 'CODE_SIGN_STYLE=Automatic', '-allowProvisioningUpdates', '-skipMacroValidation', 'SKIP_MACRO_VALIDATION=YES', 'DEVELOPMENT_TEAM=Q76QDYVDH9', 'PROVISIONING_PROFILE_SPECIFIER=', 'CODE_SIGN_ENTITLEMENTS=OpenCoder/OpenCoder.entitlements']' returned non-zero exit status 65.
2025-09-08 14:50:24,899 - INFO - Starting IPA build process...
2025-09-08 14:50:25,049 - INFO - Xcode version: Xcode 26.0
Build version 17A5305k
2025-09-08 14:50:25,049 - INFO - Using workspace: /Users/gzahavy/PersonalProjects/open-coder-app/Xcode/OpenCoder.xcworkspace
2025-09-08 14:50:25,049 - INFO - Output directory: /Users/gzahavy/PersonalProjects/open-coder-app/build
2025-09-08 14:50:25,102 - INFO - Available code signing identities:
2025-09-08 14:50:25,102 - INFO -   1) 478E2F1FCDCCF8222D197531359007269B216C05 "Apple Development: goni1993@gmail.com (Q76QDYVDH9)"
  2) 5013E0E8F4D510BE4658A185ACBFAFF007EB6B2A "Apple Development: goni1993@gmail.com (Q76QDYVDH9)"
     2 valid identities found

2025-09-08 14:50:25,102 - INFO - Cleaning project...
2025-09-08 14:50:41,850 - INFO - Project cleaned successfully
2025-09-08 14:50:41,850 - INFO - Building archive for scheme: OpenCoder
2025-09-08 14:51:15,240 - INFO - Archive built successfully
2025-09-08 14:51:15,240 - INFO - Exporting IPA...
2025-09-08 14:51:16,052 - ERROR - Export failed: Command '['xcodebuild', '-exportArchive', '-archivePath', '/Users/gzahavy/PersonalProjects/open-coder-app/build/OpenCoder.xcarchive', '-exportPath', '/Users/gzahavy/PersonalProjects/open-coder-app/build/export', '-exportOptionsPlist', '/Users/gzahavy/PersonalProjects/open-coder-app/build/ExportOptions.plist']' returned non-zero exit status 70.
2025-09-08 14:51:16,052 - ERROR - Build failed: Command '['xcodebuild', '-exportArchive', '-archivePath', '/Users/gzahavy/PersonalProjects/open-coder-app/build/OpenCoder.xcarchive', '-exportPath', '/Users/gzahavy/PersonalProjects/open-coder-app/build/export', '-exportOptionsPlist', '/Users/gzahavy/PersonalProjects/open-coder-app/build/ExportOptions.plist']' returned non-zero exit status 70.
2025-09-08 14:51:49,685 - INFO - Starting IPA build process...
2025-09-08 14:51:49,834 - INFO - Xcode version: Xcode 26.0
Build version 17A5305k
2025-09-08 14:51:49,834 - INFO - Using workspace: /Users/gzahavy/PersonalProjects/open-coder-app/Xcode/OpenCoder.xcworkspace
2025-09-08 14:51:49,834 - INFO - Output directory: /Users/gzahavy/PersonalProjects/open-coder-app/build
2025-09-08 14:51:49,888 - INFO - Available code signing identities:
2025-09-08 14:51:49,888 - INFO -   1) 478E2F1FCDCCF8222D197531359007269B216C05 "Apple Development: goni1993@gmail.com (Q76QDYVDH9)"
  2) 5013E0E8F4D510BE4658A185ACBFAFF007EB6B2A "Apple Development: goni1993@gmail.com (Q76QDYVDH9)"
     2 valid identities found

2025-09-08 14:51:49,888 - INFO - Cleaning project...
2025-09-08 14:51:54,704 - INFO - Project cleaned successfully
2025-09-08 14:51:54,704 - INFO - Building archive for scheme: OpenCoder
2025-09-08 14:52:27,277 - INFO - Archive built successfully
2025-09-08 14:52:27,278 - INFO - Exporting IPA...
2025-09-08 14:52:28,082 - ERROR - Export failed: Command '['xcodebuild', '-exportArchive', '-archivePath', '/Users/gzahavy/PersonalProjects/open-coder-app/build/OpenCoder.xcarchive', '-exportPath', '/Users/gzahavy/PersonalProjects/open-coder-app/build/export', '-exportOptionsPlist', '/Users/gzahavy/PersonalProjects/open-coder-app/build/ExportOptions.plist']' returned non-zero exit status 70.
2025-09-08 14:52:28,083 - ERROR - Build failed: Command '['xcodebuild', '-exportArchive', '-archivePath', '/Users/gzahavy/PersonalProjects/open-coder-app/build/OpenCoder.xcarchive', '-exportPath', '/Users/gzahavy/PersonalProjects/open-coder-app/build/export', '-exportOptionsPlist', '/Users/gzahavy/PersonalProjects/open-coder-app/build/ExportOptions.plist']' returned non-zero exit status 70.
2025-09-08 14:55:40,339 - INFO - Starting IPA build process...
2025-09-08 14:55:40,478 - INFO - Xcode version: Xcode 26.0
Build version 17A5305k
2025-09-08 14:55:40,478 - INFO - Using workspace: /Users/gzahavy/PersonalProjects/open-coder-app/Xcode/OpenCoder.xcworkspace
2025-09-08 14:55:40,478 - INFO - Output directory: /Users/gzahavy/PersonalProjects/open-coder-app/build
2025-09-08 14:55:40,532 - INFO - Available code signing identities:
2025-09-08 14:55:40,532 - INFO -   1) 478E2F1FCDCCF8222D197531359007269B216C05 "Apple Development: goni1993@gmail.com (Q76QDYVDH9)"
  2) 5013E0E8F4D510BE4658A185ACBFAFF007EB6B2A "Apple Development: goni1993@gmail.com (Q76QDYVDH9)"
     2 valid identities found

2025-09-08 14:55:40,532 - INFO - Cleaning project...
2025-09-08 14:55:45,936 - INFO - Project cleaned successfully
2025-09-08 14:55:45,937 - INFO - Building archive for scheme: OpenCoder
2025-09-08 14:56:21,560 - INFO - Archive built successfully
2025-09-08 14:56:21,560 - INFO - Exporting IPA...
2025-09-08 14:56:22,374 - ERROR - Export failed: Command '['xcodebuild', '-exportArchive', '-archivePath', '/Users/gzahavy/PersonalProjects/open-coder-app/build/OpenCoder.xcarchive', '-exportPath', '/Users/gzahavy/PersonalProjects/open-coder-app/build/export', '-exportOptionsPlist', '/Users/gzahavy/PersonalProjects/open-coder-app/build/ExportOptions.plist']' returned non-zero exit status 70.
2025-09-08 14:56:22,374 - ERROR - Build failed: Command '['xcodebuild', '-exportArchive', '-archivePath', '/Users/gzahavy/PersonalProjects/open-coder-app/build/OpenCoder.xcarchive', '-exportPath', '/Users/gzahavy/PersonalProjects/open-coder-app/build/export', '-exportOptionsPlist', '/Users/gzahavy/PersonalProjects/open-coder-app/build/ExportOptions.plist']' returned non-zero exit status 70.
2025-09-08 14:57:47,706 - INFO - Starting IPA build process...
2025-09-08 14:57:47,840 - INFO - Xcode version: Xcode 26.0
Build version 17A5305k
2025-09-08 14:57:47,840 - INFO - Using workspace: /Users/gzahavy/PersonalProjects/open-coder-app/Xcode/OpenCoder.xcworkspace
2025-09-08 14:57:47,840 - INFO - Output directory: /Users/gzahavy/PersonalProjects/open-coder-app/build
2025-09-08 14:57:47,892 - INFO - Available code signing identities:
2025-09-08 14:57:47,892 - INFO -   1) 478E2F1FCDCCF8222D197531359007269B216C05 "Apple Development: goni1993@gmail.com (Q76QDYVDH9)"
  2) 5013E0E8F4D510BE4658A185ACBFAFF007EB6B2A "Apple Development: goni1993@gmail.com (Q76QDYVDH9)"
     2 valid identities found

2025-09-08 14:57:47,892 - INFO - Cleaning project...
2025-09-08 14:57:52,513 - INFO - Project cleaned successfully
2025-09-08 14:57:52,514 - INFO - Building archive for scheme: OpenCoder
2025-09-08 14:58:00,558 - ERROR - Archive failed: Command '['xcodebuild', 'archive', '-workspace', '/Users/gzahavy/PersonalProjects/open-coder-app/Xcode/OpenCoder.xcworkspace', '-scheme', 'OpenCoder', '-configuration', 'Release', '-archivePath', '/Users/gzahavy/PersonalProjects/open-coder-app/build/OpenCoder.xcarchive', '-destination', 'generic/platform=iOS', 'CODE_SIGN_STYLE=Automatic', '-allowProvisioningUpdates', '-skipMacroValidation', 'SKIP_MACRO_VALIDATION=YES', 'DEVELOPMENT_TEAM=Q76QDYVDH9', 'PROVISIONING_PROFILE_SPECIFIER=', 'CODE_SIGN_ENTITLEMENTS=OpenCoder/OpenCoder.entitlements']' returned non-zero exit status 65.
2025-09-08 14:58:00,558 - ERROR - Error output: ** ARCHIVE FAILED **


The following build commands failed:
	Archiving workspace OpenCoder with scheme OpenCoder
(1 failure)

2025-09-08 14:58:00,558 - ERROR - Build failed: Command '['xcodebuild', 'archive', '-workspace', '/Users/gzahavy/PersonalProjects/open-coder-app/Xcode/OpenCoder.xcworkspace', '-scheme', 'OpenCoder', '-configuration', 'Release', '-archivePath', '/Users/gzahavy/PersonalProjects/open-coder-app/build/OpenCoder.xcarchive', '-destination', 'generic/platform=iOS', 'CODE_SIGN_STYLE=Automatic', '-allowProvisioningUpdates', '-skipMacroValidation', 'SKIP_MACRO_VALIDATION=YES', 'DEVELOPMENT_TEAM=Q76QDYVDH9', 'PROVISIONING_PROFILE_SPECIFIER=', 'CODE_SIGN_ENTITLEMENTS=OpenCoder/OpenCoder.entitlements']' returned non-zero exit status 65.
2025-09-08 15:00:50,886 - INFO - Starting IPA build process...
2025-09-08 15:00:51,036 - INFO - Xcode version: Xcode 26.0
Build version 17A5305k
2025-09-08 15:00:51,036 - INFO - Using workspace: /Users/gzahavy/PersonalProjects/open-coder-app/Xcode/OpenCoder.xcworkspace
2025-09-08 15:00:51,036 - INFO - Output directory: /Users/gzahavy/PersonalProjects/open-coder-app/build
2025-09-08 15:00:51,096 - INFO - Available code signing identities:
2025-09-08 15:00:51,096 - INFO -   1) 478E2F1FCDCCF8222D197531359007269B216C05 "Apple Development: goni1993@gmail.com (Q76QDYVDH9)"
  2) 5013E0E8F4D510BE4658A185ACBFAFF007EB6B2A "Apple Development: goni1993@gmail.com (Q76QDYVDH9)"
     2 valid identities found

2025-09-08 15:00:51,096 - INFO - Cleaning project...
2025-09-08 15:00:55,686 - INFO - Project cleaned successfully
2025-09-08 15:00:55,686 - INFO - Building archive for scheme: OpenCoder
2025-09-08 15:01:29,102 - INFO - Archive built successfully
2025-09-08 15:01:29,103 - INFO - Exporting IPA...
2025-09-08 15:01:33,955 - ERROR - Export failed: Command '['xcodebuild', '-exportArchive', '-archivePath', '/Users/gzahavy/PersonalProjects/open-coder-app/build/OpenCoder.xcarchive', '-exportPath', '/Users/gzahavy/PersonalProjects/open-coder-app/build/export', '-exportOptionsPlist', '/Users/gzahavy/PersonalProjects/open-coder-app/build/ExportOptions.plist']' returned non-zero exit status 70.
2025-09-08 15:01:33,955 - ERROR - Build failed: Command '['xcodebuild', '-exportArchive', '-archivePath', '/Users/gzahavy/PersonalProjects/open-coder-app/build/OpenCoder.xcarchive', '-exportPath', '/Users/gzahavy/PersonalProjects/open-coder-app/build/export', '-exportOptionsPlist', '/Users/gzahavy/PersonalProjects/open-coder-app/build/ExportOptions.plist']' returned non-zero exit status 70.
2025-09-08 15:08:11,030 - INFO - Starting IPA build process...
2025-09-08 15:08:11,161 - INFO - Xcode version: Xcode 26.0
Build version 17A5305k
2025-09-08 15:08:11,161 - INFO - Using workspace: /Users/gzahavy/PersonalProjects/open-coder-app/Xcode/OpenCoder.xcworkspace
2025-09-08 15:08:11,161 - INFO - Output directory: /Users/gzahavy/PersonalProjects/open-coder-app/build
2025-09-08 15:08:11,211 - INFO - Available code signing identities:
2025-09-08 15:08:11,211 - INFO -   1) 478E2F1FCDCCF8222D197531359007269B216C05 "Apple Development: goni1993@gmail.com (Q76QDYVDH9)"
  2) 5013E0E8F4D510BE4658A185ACBFAFF007EB6B2A "Apple Development: goni1993@gmail.com (Q76QDYVDH9)"
     2 valid identities found

2025-09-08 15:08:11,211 - INFO - Cleaning project...
2025-09-08 15:08:16,248 - INFO - Project cleaned successfully
2025-09-08 15:08:16,248 - INFO - Building archive for scheme: OpenCoder
2025-09-08 15:08:49,580 - INFO - Archive built successfully
2025-09-08 15:08:49,581 - INFO - Exporting IPA...
2025-09-08 15:08:54,737 - ERROR - Export failed: Command '['xcodebuild', '-exportArchive', '-archivePath', '/Users/gzahavy/PersonalProjects/open-coder-app/build/OpenCoder.xcarchive', '-exportPath', '/Users/gzahavy/PersonalProjects/open-coder-app/build/export', '-exportOptionsPlist', '/Users/gzahavy/PersonalProjects/open-coder-app/build/ExportOptions.plist']' returned non-zero exit status 70.
2025-09-08 15:08:54,738 - ERROR - Build failed: Command '['xcodebuild', '-exportArchive', '-archivePath', '/Users/gzahavy/PersonalProjects/open-coder-app/build/OpenCoder.xcarchive', '-exportPath', '/Users/gzahavy/PersonalProjects/open-coder-app/build/export', '-exportOptionsPlist', '/Users/gzahavy/PersonalProjects/open-coder-app/build/ExportOptions.plist']' returned non-zero exit status 70.
2025-09-08 15:10:03,213 - INFO - Starting IPA build process...
2025-09-08 15:10:03,347 - INFO - Xcode version: Xcode 26.0
Build version 17A5305k
2025-09-08 15:10:03,348 - INFO - Using workspace: /Users/gzahavy/PersonalProjects/open-coder-app/Xcode/OpenCoder.xcworkspace
2025-09-08 15:10:03,348 - INFO - Output directory: /Users/gzahavy/PersonalProjects/open-coder-app/build
2025-09-08 15:10:03,399 - INFO - Available code signing identities:
2025-09-08 15:10:03,399 - INFO -   1) 478E2F1FCDCCF8222D197531359007269B216C05 "Apple Development: goni1993@gmail.com (Q76QDYVDH9)"
  2) 5013E0E8F4D510BE4658A185ACBFAFF007EB6B2A "Apple Development: goni1993@gmail.com (Q76QDYVDH9)"
     2 valid identities found

2025-09-08 15:10:03,399 - INFO - Cleaning project...
2025-09-08 15:10:08,275 - INFO - Project cleaned successfully
2025-09-08 15:10:08,276 - INFO - Building archive for scheme: OpenCoder
2025-09-08 15:10:40,550 - INFO - Archive built successfully
2025-09-08 15:10:40,551 - INFO - Exporting IPA...
2025-09-08 15:10:45,410 - ERROR - Export failed: Command '['xcodebuild', '-exportArchive', '-archivePath', '/Users/gzahavy/PersonalProjects/open-coder-app/build/OpenCoder.xcarchive', '-exportPath', '/Users/gzahavy/PersonalProjects/open-coder-app/build/export', '-exportOptionsPlist', '/Users/gzahavy/PersonalProjects/open-coder-app/build/ExportOptions.plist']' returned non-zero exit status 70.
2025-09-08 15:10:45,410 - ERROR - Build failed: Command '['xcodebuild', '-exportArchive', '-archivePath', '/Users/gzahavy/PersonalProjects/open-coder-app/build/OpenCoder.xcarchive', '-exportPath', '/Users/gzahavy/PersonalProjects/open-coder-app/build/export', '-exportOptionsPlist', '/Users/gzahavy/PersonalProjects/open-coder-app/build/ExportOptions.plist']' returned non-zero exit status 70.
2025-09-08 15:12:06,163 - INFO - Starting IPA build process...
2025-09-08 15:12:06,299 - INFO - Xcode version: Xcode 26.0
Build version 17A5305k
2025-09-08 15:12:06,299 - INFO - Using workspace: /Users/gzahavy/PersonalProjects/open-coder-app/Xcode/OpenCoder.xcworkspace
2025-09-08 15:12:06,299 - INFO - Output directory: /Users/gzahavy/PersonalProjects/open-coder-app/build
2025-09-08 15:12:06,350 - INFO - Available code signing identities:
2025-09-08 15:12:06,351 - INFO -   1) 478E2F1FCDCCF8222D197531359007269B216C05 "Apple Development: goni1993@gmail.com (Q76QDYVDH9)"
  2) 5013E0E8F4D510BE4658A185ACBFAFF007EB6B2A "Apple Development: goni1993@gmail.com (Q76QDYVDH9)"
     2 valid identities found

2025-09-08 15:12:06,351 - INFO - Cleaning project...
2025-09-08 15:12:11,267 - INFO - Project cleaned successfully
2025-09-08 15:12:11,268 - INFO - Building archive for scheme: OpenCoder
2025-09-08 15:12:43,125 - INFO - Archive built successfully
2025-09-08 15:12:43,125 - INFO - Exporting IPA...
2025-09-08 15:12:48,355 - ERROR - Export failed: Command '['xcodebuild', '-exportArchive', '-archivePath', '/Users/gzahavy/PersonalProjects/open-coder-app/build/OpenCoder.xcarchive', '-exportPath', '/Users/gzahavy/PersonalProjects/open-coder-app/build/export', '-exportOptionsPlist', '/Users/gzahavy/PersonalProjects/open-coder-app/build/ExportOptions.plist']' returned non-zero exit status 70.
2025-09-08 15:12:48,355 - ERROR - Build failed: Command '['xcodebuild', '-exportArchive', '-archivePath', '/Users/gzahavy/PersonalProjects/open-coder-app/build/OpenCoder.xcarchive', '-exportPath', '/Users/gzahavy/PersonalProjects/open-coder-app/build/export', '-exportOptionsPlist', '/Users/gzahavy/PersonalProjects/open-coder-app/build/ExportOptions.plist']' returned non-zero exit status 70.
